This is XeTeX, Version 3.14159265-2.6-0.999992 (TeX Live 2020) (preloaded format=xelatex 2021.1.20)  17 MAR 2021 21:31
entering extended mode
 restricted \write18 enabled.
 %&-line parsing enabled.
**main
(./main.tex
LaTeX2e <2020-02-02> patch level 5
L3 programming layer <2020-03-06>
(/usr/local/texlive/2020/texmf-dist/tex/latex/ctex/ctexart.cls
(/usr/local/texlive/2020/texmf-dist/tex/latex/l3kernel/expl3.sty
Package: expl3 2020-03-06 L3 programming layer (loader) 

(/usr/local/texlive/2020/texmf-dist/tex/latex/l3backend/l3backend-xdvipdfmx.def
File: l3backend-xdvipdfmx.def 2020-03-12 L3 backend support: xdvipdfmx
\g__graphics_track_int=\count163
\l__pdf_internal_box=\box45
\g__pdf_backend_object_int=\count164
\g__pdf_backend_annotation_int=\count165
))
Document Class: ctexart 2019/05/29 v2.4.16 Chinese adapter for class article (C
TEX)
(/usr/local/texlive/2020/texmf-dist/tex/latex/l3packages/xparse/xparse.sty
Package: xparse 2020-03-06 L3 Experimental document command parser
\l__xparse_current_arg_int=\count166
\g__xparse_grabber_int=\count167
\l__xparse_m_args_int=\count168
\l__xparse_v_nesting_int=\count169
)
(/usr/local/texlive/2020/texmf-dist/tex/latex/l3packages/l3keys2e/l3keys2e.sty
Package: l3keys2e 2020-03-06 LaTeX2e option processing using LaTeX3 keys
) (/usr/local/texlive/2020/texmf-dist/tex/latex/ctex/ctexhook.sty
Package: ctexhook 2019/05/29 v2.4.16 Document and package hooks (CTEX)
)
(/usr/local/texlive/2020/texmf-dist/tex/latex/ctex/ctexpatch.sty
Package: ctexpatch 2019/05/29 v2.4.16 Patching commands (CTEX)
)
(/usr/local/texlive/2020/texmf-dist/tex/latex/base/fix-cm.sty
Package: fix-cm 2015/01/14 v1.1t fixes to LaTeX

(/usr/local/texlive/2020/texmf-dist/tex/latex/base/ts1enc.def
File: ts1enc.def 2001/06/05 v3.0e (jk/car/fm) Standard LaTeX file
LaTeX Font Info:    Redeclaring font encoding TS1 on input line 47.
))
(/usr/local/texlive/2020/texmf-dist/tex/latex/ms/everysel.sty
Package: everysel 2011/10/28 v1.2 EverySelectfont Package (MS)
)
\l__ctex_tmp_int=\count170
\l__ctex_tmp_box=\box46
\l__ctex_tmp_dim=\dimen134
\g__ctex_section_depth_int=\count171
\g__ctex_font_size_int=\count172

(/usr/local/texlive/2020/texmf-dist/tex/latex/ctex/config/ctexopts.cfg
File: ctexopts.cfg 2019/05/29 v2.4.16 Option configuration file (CTEX)
)
(/usr/local/texlive/2020/texmf-dist/tex/latex/base/article.cls
Document Class: article 2019/12/20 v1.4l Standard LaTeX document class
(/usr/local/texlive/2020/texmf-dist/tex/latex/base/size12.clo
File: size12.clo 2019/12/20 v1.4l Standard LaTeX file (size option)
)
\c@part=\count173
\c@section=\count174
\c@subsection=\count175
\c@subsubsection=\count176
\c@paragraph=\count177
\c@subparagraph=\count178
\c@figure=\count179
\c@table=\count180
\abovecaptionskip=\skip47
\belowcaptionskip=\skip48
\bibindent=\dimen135
)
(/usr/local/texlive/2020/texmf-dist/tex/latex/ctex/engine/ctex-engine-xetex.def
File: ctex-engine-xetex.def 2019/05/29 v2.4.16 XeLaTeX adapter (CTEX)
(/usr/local/texlive/2020/texmf-dist/tex/xelatex/xecjk/xeCJK.sty
Package: xeCJK 2020/02/18 v3.8.2 Typesetting CJK scripts with XeLaTeX

(/usr/local/texlive/2020/texmf-dist/tex/latex/l3packages/xtemplate/xtemplate.st
y
Package: xtemplate 2020-03-06 L3 Experimental prototype document functions
\l__xtemplate_tmp_dim=\dimen136
\l__xtemplate_tmp_int=\count181
\l__xtemplate_tmp_muskip=\muskip16
\l__xtemplate_tmp_skip=\skip49
)
\l__xeCJK_tmp_int=\count182
\l__xeCJK_tmp_box=\box47
\l__xeCJK_tmp_dim=\dimen137
\l__xeCJK_tmp_skip=\skip50
\g__xeCJK_space_factor_int=\count183
\l__xeCJK_begin_int=\count184
\l__xeCJK_end_int=\count185
\c__xeCJK_CJK_class_int=\XeTeXcharclass1
\c__xeCJK_FullLeft_class_int=\XeTeXcharclass2
\c__xeCJK_FullRight_class_int=\XeTeXcharclass3
\c__xeCJK_HalfLeft_class_int=\XeTeXcharclass4
\c__xeCJK_HalfRight_class_int=\XeTeXcharclass5
\c__xeCJK_NormalSpace_class_int=\XeTeXcharclass6
\c__xeCJK_CM_class_int=\XeTeXcharclass7
\c__xeCJK_HangulJamo_class_int=\XeTeXcharclass8
\l__xeCJK_last_skip=\skip51
\g__xeCJK_node_int=\count186
\c__xeCJK_CJK_node_dim=\dimen138
\c__xeCJK_CJK-space_node_dim=\dimen139
\c__xeCJK_default_node_dim=\dimen140
\c__xeCJK_default-space_node_dim=\dimen141
\c__xeCJK_CJK-widow_node_dim=\dimen142
\c__xeCJK_normalspace_node_dim=\dimen143
\l__xeCJK_ccglue_skip=\skip52
\l__xeCJK_ecglue_skip=\skip53
\l__xeCJK_punct_kern_skip=\skip54
\l__xeCJK_last_penalty_int=\count187
\l__xeCJK_last_bound_dim=\dimen144
\l__xeCJK_last_kern_dim=\dimen145
\l__xeCJK_widow_penalty_int=\count188

Package xtemplate Info: Declaring object type 'xeCJK/punctuation' taking 0
(xtemplate)             argument(s) on line 2302.

\l__xeCJK_fixed_punct_width_dim=\dimen146
\l__xeCJK_mixed_punct_width_dim=\dimen147
\l__xeCJK_middle_punct_width_dim=\dimen148
\l__xeCJK_fixed_margin_width_dim=\dimen149
\l__xeCJK_mixed_margin_width_dim=\dimen150
\l__xeCJK_middle_margin_width_dim=\dimen151
\l__xeCJK_bound_punct_width_dim=\dimen152
\l__xeCJK_bound_margin_width_dim=\dimen153
\l__xeCJK_margin_minimum_dim=\dimen154
\l__xeCJK_kerning_total_width_dim=\dimen155
\l__xeCJK_same_align_margin_dim=\dimen156
\l__xeCJK_different_align_margin_dim=\dimen157
\l__xeCJK_kerning_margin_width_dim=\dimen158
\l__xeCJK_kerning_margin_minimum_dim=\dimen159
\l__xeCJK_bound_dim=\dimen160
\l__xeCJK_reverse_bound_dim=\dimen161
\l__xeCJK_margin_dim=\dimen162
\l__xeCJK_minimum_bound_dim=\dimen163
\l__xeCJK_kerning_margin_dim=\dimen164
\g__xeCJK_family_int=\count189
\l__xeCJK_fam_int=\count190
\g__xeCJK_fam_allocation_int=\count191
\l__xeCJK_verb_case_int=\count192
\l__xeCJK_verb_exspace_skip=\skip55
 (/usr/local/texlive/2020/texmf-dist/tex/latex/fontspec/fontspec.sty
Package: fontspec 2020/02/21 v2.7i Font selection for XeLaTeX and LuaLaTeX

(/usr/local/texlive/2020/texmf-dist/tex/latex/fontspec/fontspec-xetex.sty
Package: fontspec-xetex 2020/02/21 v2.7i Font selection for XeLaTeX and LuaLaTe
X
\l__fontspec_script_int=\count193
\l__fontspec_language_int=\count194
\l__fontspec_strnum_int=\count195
\l__fontspec_tmp_int=\count196
\l__fontspec_tmpa_int=\count197
\l__fontspec_tmpb_int=\count198
\l__fontspec_tmpc_int=\count199
\l__fontspec_em_int=\count266
\l__fontspec_emdef_int=\count267
\l__fontspec_strong_int=\count268
\l__fontspec_strongdef_int=\count269
\l__fontspec_tmpa_dim=\dimen165
\l__fontspec_tmpb_dim=\dimen166
\l__fontspec_tmpc_dim=\dimen167

(/usr/local/texlive/2020/texmf-dist/tex/latex/base/fontenc.sty
Package: fontenc 2020/02/11 v2.0o Standard LaTeX package
)
(/usr/local/texlive/2020/texmf-dist/tex/latex/fontspec/fontspec.cfg)))
(/usr/local/texlive/2020/texmf-dist/tex/xelatex/xecjk/xeCJK.cfg
File: xeCJK.cfg 2020/02/18 v3.8.2 Configuration file for xeCJK package
))
(/usr/local/texlive/2020/texmf-dist/tex/xelatex/xecjk/xeCJKfntef.sty
Package: xeCJKfntef 2020/02/18 v3.8.2 xeCJK font effect

(/usr/local/texlive/2020/texmf-dist/tex/generic/ulem/ulem.sty
\UL@box=\box48
\UL@hyphenbox=\box49
\UL@skip=\skip56
\UL@hook=\toks15
\UL@height=\dimen168
\UL@pe=\count270
\UL@pixel=\dimen169
\ULC@box=\box50
Package: ulem 2019/11/18
\ULdepth=\dimen170
)
\l__xeCJK_space_skip=\skip57
\c__xeCJK_ulem-begin_node_dim=\dimen171
\c__xeCJK_null_box=\box51
\l__xeCJK_fntef_box=\box52
\l__xeCJK_under_symbol_box=\box53
\c__xeCJK_filll_skip=\skip58
)
\ccwd=\dimen172
\l__ctex_ccglue_skip=\skip59
)
\l__ctex_ziju_dim=\dimen173

(/usr/local/texlive/2020/texmf-dist/tex/latex/zhnumber/zhnumber.sty
Package: zhnumber 2019/04/07 v2.7 Typesetting numbers with Chinese glyphs
\l__zhnum_scale_int=\count271

(/usr/local/texlive/2020/texmf-dist/tex/latex/zhnumber/zhnumber-utf8.cfg
File: zhnumber-utf8.cfg 2019/04/07 v2.7 Chinese numerals with UTF8 encoding
))
\l__ctex_heading_skip=\skip60

(/usr/local/texlive/2020/texmf-dist/tex/latex/ctex/scheme/ctex-scheme-chinese-a
rticle.def
File: ctex-scheme-chinese-article.def 2019/05/29 v2.4.16 Chinese scheme for art
icle (CTEX)

(/usr/local/texlive/2020/texmf-dist/tex/latex/ctex/config/ctex-name-utf8.cfg
File: ctex-name-utf8.cfg 2019/05/29 v2.4.16 Caption with encoding UTF8 (CTEX)
))
(/usr/local/texlive/2020/texmf-dist/tex/latex/ctex/ctex-cs4size.clo
File: ctex-cs4size.clo 2019/05/29 v2.4.16 cs4size option (CTEX)
)
(/usr/local/texlive/2020/texmf-dist/tex/latex/ctex/fontset/ctex-fontset-fandol.
def
File: ctex-fontset-fandol.def 2019/05/29 v2.4.16 Fandol fonts definition (CTEX)



Package fontspec Warning: Font "FandolSong-Regular" does not contain requested
(fontspec)                Script "CJK".


Package fontspec Info: Font family 'FandolSong-Regular(0)' created for font
(fontspec)             'FandolSong-Regular' with options
(fontspec)             [Script={CJK},Extension={.otf},BoldFont={FandolSong-Bold
},ItalicFont={FandolKai-Regular}].
(fontspec)              
(fontspec)              This font family consists of the following NFSS
(fontspec)             series/shapes:
(fontspec)              
(fontspec)             - 'normal' (m/n) with NFSS spec.:
(fontspec)             <->"[FandolSong-Regular.otf]/OT:language=dflt;"
(fontspec)             - 'small caps'  (m/sc) with NFSS spec.: 
(fontspec)             - 'bold' (b/n) with NFSS spec.:
(fontspec)             <->"[FandolSong-Bold.otf]/OT:language=dflt;"
(fontspec)             - 'bold small caps'  (b/sc) with NFSS spec.: 
(fontspec)             - 'italic' (m/it) with NFSS spec.:
(fontspec)             <->"[FandolKai-Regular.otf]/OT:language=dflt;"
(fontspec)             - 'italic small caps'  (m/scit) with NFSS spec.: 

)) (/usr/local/texlive/2020/texmf-dist/tex/latex/ctex/config/ctex.cfg
File: ctex.cfg 2019/05/29 v2.4.16 Configuration file (CTEX)
)
(/usr/local/texlive/2020/texmf-dist/tex/latex/amsmath/amsmath.sty
Package: amsmath 2020/01/20 v2.17e AMS math features
\@mathmargin=\skip61

For additional information on amsmath, use the `?' option.
(/usr/local/texlive/2020/texmf-dist/tex/latex/amsmath/amstext.sty
Package: amstext 2000/06/29 v2.01 AMS text

(/usr/local/texlive/2020/texmf-dist/tex/latex/amsmath/amsgen.sty
File: amsgen.sty 1999/11/30 v2.0 generic functions
\@emptytoks=\toks16
\ex@=\dimen174
))
(/usr/local/texlive/2020/texmf-dist/tex/latex/amsmath/amsbsy.sty
Package: amsbsy 1999/11/29 v1.2d Bold Symbols
\pmbraise@=\dimen175
)
(/usr/local/texlive/2020/texmf-dist/tex/latex/amsmath/amsopn.sty
Package: amsopn 2016/03/08 v2.02 operator names
)
\inf@bad=\count272
LaTeX Info: Redefining \frac on input line 227.
\uproot@=\count273
\leftroot@=\count274
LaTeX Info: Redefining \overline on input line 389.
\classnum@=\count275
\DOTSCASE@=\count276
LaTeX Info: Redefining \ldots on input line 486.
LaTeX Info: Redefining \dots on input line 489.
LaTeX Info: Redefining \cdots on input line 610.
\Mathstrutbox@=\box54
\strutbox@=\box55
\big@size=\dimen176
LaTeX Font Info:    Redeclaring font encoding OML on input line 733.
LaTeX Font Info:    Redeclaring font encoding OMS on input line 734.
\macc@depth=\count277
\c@MaxMatrixCols=\count278
\dotsspace@=\muskip17
\c@parentequation=\count279
\dspbrk@lvl=\count280
\tag@help=\toks17
\row@=\count281
\column@=\count282
\maxfields@=\count283
\andhelp@=\toks18
\eqnshift@=\dimen177
\alignsep@=\dimen178
\tagshift@=\dimen179
\tagwidth@=\dimen180
\totwidth@=\dimen181
\lineht@=\dimen182
\@envbody=\toks19
\multlinegap=\skip62
\multlinetaggap=\skip63
\mathdisplay@stack=\toks20
LaTeX Info: Redefining \[ on input line 2859.
LaTeX Info: Redefining \] on input line 2860.
)
(/usr/local/texlive/2020/texmf-dist/tex/latex/amsfonts/amsfonts.sty
Package: amsfonts 2013/01/14 v3.01 Basic AMSFonts support
\symAMSa=\mathgroup4
\symAMSb=\mathgroup5
LaTeX Font Info:    Redeclaring math symbol \hbar on input line 98.
LaTeX Font Info:    Overwriting math alphabet `\mathfrak' in version `bold'
(Font)                  U/euf/m/n --> U/euf/b/n on input line 106.
)
(/usr/local/texlive/2020/texmf-dist/tex/latex/amsfonts/amssymb.sty
Package: amssymb 2013/01/14 v3.01 AMS font symbols
)
(/usr/local/texlive/2020/texmf-dist/tex/latex/geometry/geometry.sty
Package: geometry 2020/01/02 v5.9 Page Geometry

(/usr/local/texlive/2020/texmf-dist/tex/latex/graphics/keyval.sty
Package: keyval 2014/10/28 v1.15 key=value parser (DPC)
\KV@toks@=\toks21
)
(/usr/local/texlive/2020/texmf-dist/tex/generic/iftex/ifvtex.sty
Package: ifvtex 2019/10/25 v1.7 ifvtex legacy package. Use iftex instead.

(/usr/local/texlive/2020/texmf-dist/tex/generic/iftex/iftex.sty
Package: iftex 2020/03/06 v1.0d TeX engine tests
))
\Gm@cnth=\count284
\Gm@cntv=\count285
\c@Gm@tempcnt=\count286
\Gm@bindingoffset=\dimen183
\Gm@wd@mp=\dimen184
\Gm@odd@mp=\dimen185
\Gm@even@mp=\dimen186
\Gm@layoutwidth=\dimen187
\Gm@layoutheight=\dimen188
\Gm@layouthoffset=\dimen189
\Gm@layoutvoffset=\dimen190
\Gm@dimlist=\toks22
)
(/usr/local/texlive/2020/texmf-dist/tex/latex/booktabs/booktabs.sty
Package: booktabs 2020/01/12 v1.61803398 Publication quality tables
\heavyrulewidth=\dimen191
\lightrulewidth=\dimen192
\cmidrulewidth=\dimen193
\belowrulesep=\dimen194
\belowbottomsep=\dimen195
\aboverulesep=\dimen196
\abovetopsep=\dimen197
\cmidrulesep=\dimen198
\cmidrulekern=\dimen199
\defaultaddspace=\dimen256
\@cmidla=\count287
\@cmidlb=\count288
\@aboverulesep=\dimen257
\@belowrulesep=\dimen258
\@thisruleclass=\count289
\@lastruleclass=\count290
\@thisrulewidth=\dimen259
)
(/usr/local/texlive/2020/texmf-dist/tex/latex/caption/caption.sty
Package: caption 2020/01/03 v3.4h Customizing captions (AR)

(/usr/local/texlive/2020/texmf-dist/tex/latex/caption/caption3.sty
Package: caption3 2020/01/03 v1.8h caption3 kernel (AR)
Package caption3 Info: TeX engine: e-TeX on input line 61.
\captionmargin=\dimen260
\captionmargin@=\dimen261
\captionwidth=\dimen262
\caption@tempdima=\dimen263
\caption@indent=\dimen264
\caption@parindent=\dimen265
\caption@hangindent=\dimen266
Package caption Info: Standard document class detected.
)
\c@caption@flags=\count291
\c@continuedfloat=\count292
)
(/usr/local/texlive/2020/texmf-dist/tex/latex/caption/subcaption.sty
Package: subcaption 2020/01/22 v1.3d Sub-captions (AR)
\c@subfigure=\count293
\c@subtable=\count294
)
(/usr/local/texlive/2020/texmf-dist/tex/latex/graphics/graphicx.sty
Package: graphicx 2019/11/30 v1.2a Enhanced LaTeX Graphics (DPC,SPQR)

(/usr/local/texlive/2020/texmf-dist/tex/latex/graphics/graphics.sty
Package: graphics 2019/11/30 v1.4a Standard LaTeX Graphics (DPC,SPQR)

(/usr/local/texlive/2020/texmf-dist/tex/latex/graphics/trig.sty
Package: trig 2016/01/03 v1.10 sin cos tan (DPC)
)
(/usr/local/texlive/2020/texmf-dist/tex/latex/graphics-cfg/graphics.cfg
File: graphics.cfg 2016/06/04 v1.11 sample graphics configuration
)
Package graphics Info: Driver file: xetex.def on input line 105.

(/usr/local/texlive/2020/texmf-dist/tex/latex/graphics-def/xetex.def
File: xetex.def 2017/06/24 v5.0h Graphics/color driver for xetex
))
\Gin@req@height=\dimen267
\Gin@req@width=\dimen268
)
(/usr/local/texlive/2020/texmf-dist/tex/latex/float/float.sty
Package: float 2001/11/08 v1.3d Float enhancements (AL)
\c@float@type=\count295
\float@exts=\toks23
\float@box=\box56
\@float@everytoks=\toks24
\@floatcapt=\box57
)
(/usr/local/texlive/2020/texmf-dist/tex/latex/tools/bm.sty
Package: bm 2019/07/24 v1.2d Bold Symbol Support (DPC/FMi)
\symboldoperators=\mathgroup6
\symboldletters=\mathgroup7
\symboldsymbols=\mathgroup8
LaTeX Font Info:    Redeclaring math alphabet \mathbf on input line 141.
LaTeX Info: Redefining \bm on input line 209.
)
(/usr/local/texlive/2020/texmf-dist/tex/latex/multirow/multirow.sty
Package: multirow 2019/05/31 v2.5 Span multiple rows of a table
\multirow@colwidth=\skip64
\multirow@cntb=\count296
\multirow@dima=\skip65
\bigstrutjot=\dimen269
)
(/usr/local/texlive/2020/texmf-dist/tex/latex/tools/tabularx.sty
Package: tabularx 2020/01/15 v2.11c `tabularx' package (DPC)

(/usr/local/texlive/2020/texmf-dist/tex/latex/tools/array.sty
Package: array 2019/08/31 v2.4l Tabular extension package (FMi)
\col@sep=\dimen270
\ar@mcellbox=\box58
\extrarowheight=\dimen271
\NC@list=\toks25
\extratabsurround=\skip66
\backup@length=\skip67
\ar@cellbox=\box59
)
\TX@col@width=\dimen272
\TX@old@table=\dimen273
\TX@old@col=\dimen274
\TX@target=\dimen275
\TX@delta=\dimen276
\TX@cols=\count297
\TX@ftn=\toks26
)
(/usr/local/texlive/2020/texmf-dist/tex/latex/pdfpages/pdfpages.sty
Package: pdfpages 2020/01/28 v0.5q Insert pages of external PDF documents (AM)

(/usr/local/texlive/2020/texmf-dist/tex/latex/base/ifthen.sty
Package: ifthen 2014/09/29 v1.1c Standard LaTeX ifthen package (DPC)
)
(/usr/local/texlive/2020/texmf-dist/tex/latex/tools/calc.sty
Package: calc 2017/05/25 v4.3 Infix arithmetic (KKT,FJ)
\calc@Acount=\count298
\calc@Bcount=\count299
\calc@Adimen=\dimen277
\calc@Bdimen=\dimen278
\calc@Askip=\skip68
\calc@Bskip=\skip69
LaTeX Info: Redefining \setlength on input line 80.
LaTeX Info: Redefining \addtolength on input line 81.
\calc@Ccount=\count300
\calc@Cskip=\skip70
)
(/usr/local/texlive/2020/texmf-dist/tex/latex/eso-pic/eso-pic.sty
Package: eso-pic 2018/04/12 v2.0h eso-pic (RN)

(/usr/local/texlive/2020/texmf-dist/tex/generic/atbegshi/atbegshi.sty
Package: atbegshi 2019/12/05 v1.19 At begin shipout hook (HO)

(/usr/local/texlive/2020/texmf-dist/tex/generic/infwarerr/infwarerr.sty
Package: infwarerr 2019/12/03 v1.5 Providing info/warning/error messages (HO)
)
(/usr/local/texlive/2020/texmf-dist/tex/generic/ltxcmds/ltxcmds.sty
Package: ltxcmds 2019/12/15 v1.24 LaTeX kernel commands for general use (HO)
))
(/usr/local/texlive/2020/texmf-dist/tex/latex/xcolor/xcolor.sty
Package: xcolor 2016/05/11 v2.12 LaTeX color extensions (UK)

(/usr/local/texlive/2020/texmf-dist/tex/latex/graphics-cfg/color.cfg
File: color.cfg 2016/01/02 v1.6 sample color configuration
)
Package xcolor Info: Driver file: xetex.def on input line 225.
Package xcolor Info: Model `cmy' substituted by `cmy0' on input line 1348.
Package xcolor Info: Model `RGB' extended on input line 1364.
Package xcolor Info: Model `HTML' substituted by `rgb' on input line 1366.
Package xcolor Info: Model `Hsb' substituted by `hsb' on input line 1367.
Package xcolor Info: Model `tHsb' substituted by `hsb' on input line 1368.
Package xcolor Info: Model `HSB' substituted by `hsb' on input line 1369.
Package xcolor Info: Model `Gray' substituted by `gray' on input line 1370.
Package xcolor Info: Model `wave' substituted by `hsb' on input line 1371.
))
\AM@pagewidth=\dimen279
\AM@pageheight=\dimen280

(/usr/local/texlive/2020/texmf-dist/tex/latex/pdfpages/ppxetex.def
File: ppxetex.def 2020/01/28 v0.5q Pdfpages driver for XeTeX (AM)
)
\AM@pagebox=\box60
\AM@global@opts=\toks27
\AM@pagecnt=\count301
\AM@toc@title=\toks28
\c@AM@survey=\count302
\AM@templatesizebox=\box61
)

Package fontspec Info: Font family 'TimesNewRoman(0)' created for font 'Times
(fontspec)             New Roman' with options [Ligatures=TeX].
(fontspec)              
(fontspec)              This font family consists of the following NFSS
(fontspec)             series/shapes:
(fontspec)              
(fontspec)             - 'normal' (m/n) with NFSS spec.: <->"Times New
(fontspec)             Roman/OT:script=latn;language=dflt;mapping=tex-text;"
(fontspec)             - 'small caps'  (m/sc) with NFSS spec.: 
(fontspec)             - 'bold' (b/n) with NFSS spec.: <->"Times New
(fontspec)             Roman/B/OT:script=latn;language=dflt;mapping=tex-text;"
(fontspec)             - 'bold small caps'  (b/sc) with NFSS spec.: 
(fontspec)             - 'italic' (m/it) with NFSS spec.: <->"Times New
(fontspec)             Roman/I/OT:script=latn;language=dflt;mapping=tex-text;"
(fontspec)             - 'italic small caps'  (m/scit) with NFSS spec.: 
(fontspec)             - 'bold italic' (b/it) with NFSS spec.: <->"Times New
(fontspec)             Roman/BI/OT:script=latn;language=dflt;mapping=tex-text;"

(fontspec)             - 'bold italic small caps'  (b/scit) with NFSS spec.: 


(/usr/local/texlive/2020/texmf-dist/tex/latex/fancyhdr/fancyhdr.sty
Package: fancyhdr 2019/01/31 v3.10 Extensive control of page headers and footer
s
\f@nch@headwidth=\skip71
\f@nch@O@elh=\skip72
\f@nch@O@erh=\skip73
\f@nch@O@olh=\skip74
\f@nch@O@orh=\skip75
\f@nch@O@elf=\skip76
\f@nch@O@erf=\skip77
\f@nch@O@olf=\skip78
\f@nch@O@orf=\skip79
)
(/usr/local/texlive/2020/texmf-dist/tex/latex/biblatex/biblatex.sty
Package: biblatex 2019/12/01 v3.14 programmable bibliographies (PK/MW)

(/usr/local/texlive/2020/texmf-dist/tex/latex/pdftexcmds/pdftexcmds.sty
Package: pdftexcmds 2019/11/24 v0.31 Utility functions of pdfTeX for LuaTeX (HO
)
Package pdftexcmds Info: \pdf@primitive is available.
Package pdftexcmds Info: \pdf@ifprimitive is available.
Package pdftexcmds Info: \pdfdraftmode not found.
)
(/usr/local/texlive/2020/texmf-dist/tex/latex/etoolbox/etoolbox.sty
Package: etoolbox 2019/09/21 v2.5h e-TeX tools for LaTeX (JAW)
\etb@tempcnta=\count303
)
(/usr/local/texlive/2020/texmf-dist/tex/latex/kvoptions/kvoptions.sty
Package: kvoptions 2019/11/29 v3.13 Key value format for package options (HO)

(/usr/local/texlive/2020/texmf-dist/tex/generic/kvsetkeys/kvsetkeys.sty
Package: kvsetkeys 2019/12/15 v1.18 Key value parser (HO)
))
(/usr/local/texlive/2020/texmf-dist/tex/latex/logreq/logreq.sty
Package: logreq 2010/08/04 v1.0 xml request logger
\lrq@indent=\count304

(/usr/local/texlive/2020/texmf-dist/tex/latex/logreq/logreq.def
File: logreq.def 2010/08/04 v1.0 logreq spec v1.0
))
(/usr/local/texlive/2020/texmf-dist/tex/latex/url/url.sty
\Urlmuskip=\muskip18
Package: url 2013/09/16  ver 3.4  Verb mode for urls, etc.
)
\c@tabx@nest=\count305
\c@listtotal=\count306
\c@listcount=\count307
\c@liststart=\count308
\c@liststop=\count309
\c@citecount=\count310
\c@citetotal=\count311
\c@multicitecount=\count312
\c@multicitetotal=\count313
\c@instcount=\count314
\c@maxnames=\count315
\c@minnames=\count316
\c@maxitems=\count317
\c@minitems=\count318
\c@citecounter=\count319
\c@maxcitecounter=\count320
\c@savedcitecounter=\count321
\c@uniquelist=\count322
\c@uniquename=\count323
\c@refsection=\count324
\c@refsegment=\count325
\c@maxextratitle=\count326
\c@maxextratitleyear=\count327
\c@maxextraname=\count328
\c@maxextradate=\count329
\c@maxextraalpha=\count330
\c@abbrvpenalty=\count331
\c@highnamepenalty=\count332
\c@lownamepenalty=\count333
\c@maxparens=\count334
\c@parenlevel=\count335
\blx@tempcnta=\count336
\blx@tempcntb=\count337
\blx@tempcntc=\count338
\blx@maxsection=\count339
\blx@maxsegment@0=\count340
\blx@notetype=\count341
\blx@parenlevel@text=\count342
\blx@parenlevel@foot=\count343
\blx@sectionciteorder@0=\count344
\blx@entrysetcounter=\count345
\labelnumberwidth=\skip80
\labelalphawidth=\skip81
\biblabelsep=\skip82
\bibitemsep=\skip83
\bibnamesep=\skip84
\bibinitsep=\skip85
\bibparsep=\skip86
\bibhang=\skip87
\blx@bcfin=\read2
\blx@bcfout=\write3
\blx@langwohyphens=\language86
\c@mincomprange=\count346
\c@maxcomprange=\count347
\c@mincompwidth=\count348
Package biblatex Info: Trying to load biblatex default data model...
Package biblatex Info: ... file 'blx-dm.def' found.

(/usr/local/texlive/2020/texmf-dist/tex/latex/biblatex/blx-dm.def
File: blx-dm.def 2019/12/01 v3.14 biblatex localization (PK/MW)
)
Package biblatex Info: Trying to load biblatex style data model...
Package biblatex Info: ... file 'gb7714-2015.dbx' not found.
Package biblatex Info: Trying to load biblatex custom data model...
Package biblatex Info: ... file 'biblatex-dm.cfg' not found.
\c@afterword=\count349
\c@savedafterword=\count350
\c@annotator=\count351
\c@savedannotator=\count352
\c@author=\count353
\c@savedauthor=\count354
\c@bookauthor=\count355
\c@savedbookauthor=\count356
\c@commentator=\count357
\c@savedcommentator=\count358
\c@editor=\count359
\c@savededitor=\count360
\c@editora=\count361
\c@savededitora=\count362
\c@editorb=\count363
\c@savededitorb=\count364
\c@editorc=\count365
\c@savededitorc=\count366
\c@foreword=\count367
\c@savedforeword=\count368
\c@holder=\count369
\c@savedholder=\count370
\c@introduction=\count371
\c@savedintroduction=\count372
\c@namea=\count373
\c@savednamea=\count374
\c@nameb=\count375
\c@savednameb=\count376
\c@namec=\count377
\c@savednamec=\count378
\c@translator=\count379
\c@savedtranslator=\count380
\c@shortauthor=\count381
\c@savedshortauthor=\count382
\c@shorteditor=\count383
\c@savedshorteditor=\count384
\c@labelname=\count385
\c@savedlabelname=\count386
\c@institution=\count387
\c@savedinstitution=\count388
\c@lista=\count389
\c@savedlista=\count390
\c@listb=\count391
\c@savedlistb=\count392
\c@listc=\count393
\c@savedlistc=\count394
\c@listd=\count395
\c@savedlistd=\count396
\c@liste=\count397
\c@savedliste=\count398
\c@listf=\count399
\c@savedlistf=\count400
\c@location=\count401
\c@savedlocation=\count402
\c@organization=\count403
\c@savedorganization=\count404
\c@origlocation=\count405
\c@savedoriglocation=\count406
\c@origpublisher=\count407
\c@savedorigpublisher=\count408
\c@publisher=\count409
\c@savedpublisher=\count410
\c@language=\count411
\c@savedlanguage=\count412
\c@origlanguage=\count413
\c@savedoriglanguage=\count414
\c@pageref=\count415
\c@savedpageref=\count416
\shorthandwidth=\skip88
\shortjournalwidth=\skip89
\shortserieswidth=\skip90
\shorttitlewidth=\skip91
\shortauthorwidth=\skip92
\shorteditorwidth=\skip93
\locallabelnumberwidth=\skip94
\locallabelalphawidth=\skip95
\localshorthandwidth=\skip96
\localshortjournalwidth=\skip97
\localshortserieswidth=\skip98
\localshorttitlewidth=\skip99
\localshortauthorwidth=\skip100
\localshorteditorwidth=\skip101
Package biblatex Info: Trying to load enhanced support for Unicode engines...
Package biblatex Info: ... file 'blx-unicode.def' found.

(/usr/local/texlive/2020/texmf-dist/tex/latex/biblatex/blx-unicode.def)
Package biblatex Info: Trying to load compatibility code...
Package biblatex Info: ... file 'blx-compat.def' found.

(/usr/local/texlive/2020/texmf-dist/tex/latex/biblatex/blx-compat.def
File: blx-compat.def 2019/12/01 v3.14 biblatex compatibility (PK/MW)
)
Package biblatex Info: Trying to load generic definitions...
Package biblatex Info: ... file 'biblatex.def' found.

(/usr/local/texlive/2020/texmf-dist/tex/latex/biblatex/biblatex.def
File: biblatex.def 2019/12/01 v3.14 biblatex compatibility (PK/MW)
\c@textcitecount=\count417
\c@textcitetotal=\count418
\c@textcitemaxnames=\count419
\c@biburlbigbreakpenalty=\count420
\c@biburlbreakpenalty=\count421
\c@biburlnumpenalty=\count422
\c@biburlucpenalty=\count423
\c@biburllcpenalty=\count424
\biburlbigskip=\muskip19
\biburlnumskip=\muskip20
\biburlucskip=\muskip21
\biburllcskip=\muskip22
\c@smartand=\count425
)
Package biblatex Info: Trying to load bibliography style 'gb7714-2015'...
Package biblatex Info: ... file 'gb7714-2015.bbx' found.

(/usr/local/texlive/2020/texmf-dist/tex/latex/biblatex-gb7714-2015/gb7714-2015.
bbx
File: gb7714-2015.bbx 2020/03/20 v1.0ubiblatex bibliography style
Package biblatex Info: Trying to load bibliography style 'numeric-comp'...
Package biblatex Info: ... file 'numeric-comp.bbx' found.
 (/usr/local/texlive/2020/texmf-dist/tex/latex/biblatex/bbx/numeric-comp.bbx
File: numeric-comp.bbx 2019/12/01 v3.14 biblatex bibliography style (PK/MW)
Package biblatex Info: Trying to load bibliography style 'numeric'...
Package biblatex Info: ... file 'numeric.bbx' found.
(/usr/local/texlive/2020/texmf-dist/tex/latex/biblatex/bbx/numeric.bbx
File: numeric.bbx 2019/12/01 v3.14 biblatex bibliography style (PK/MW)
Package biblatex Info: Trying to load bibliography style 'standard'...
Package biblatex Info: ... file 'standard.bbx' found.

(/usr/local/texlive/2020/texmf-dist/tex/latex/biblatex/bbx/standard.bbx
File: standard.bbx 2019/12/01 v3.14 biblatex bibliography style (PK/MW)
\c@bbx:relatedcount=\count426
\c@bbx:relatedtotal=\count427
)))
(/usr/local/texlive/2020/texmf-dist/tex/generic/xstring/xstring.sty
(/usr/local/texlive/2020/texmf-dist/tex/generic/xstring/xstring.tex
\integerpart=\count428
Invalid UTF-8 byte or sequence at line 35 replaced by U+FFFD.
\decimalpart=\count429
Invalid UTF-8 byte or sequence at line 79 replaced by U+FFFD.
Invalid UTF-8 byte or sequence at line 79 replaced by U+FFFD.
Invalid UTF-8 byte or sequence at line 83 replaced by U+FFFD.
Invalid UTF-8 byte or sequence at line 86 replaced by U+FFFD.
Invalid UTF-8 byte or sequence at line 102 replaced by U+FFFD.
Invalid UTF-8 byte or sequence at line 114 replaced by U+FFFD.
Invalid UTF-8 byte or sequence at line 120 replaced by U+FFFD.
Invalid UTF-8 byte or sequence at line 125 replaced by U+FFFD.
Invalid UTF-8 byte or sequence at line 147 replaced by U+FFFD.
Invalid UTF-8 byte or sequence at line 147 replaced by U+FFFD.
Invalid UTF-8 byte or sequence at line 147 replaced by U+FFFD.
Invalid UTF-8 byte or sequence at line 182 replaced by U+FFFD.
Invalid UTF-8 byte or sequence at line 182 replaced by U+FFFD.
Invalid UTF-8 byte or sequence at line 182 replaced by U+FFFD.
Invalid UTF-8 byte or sequence at line 183 replaced by U+FFFD.
Invalid UTF-8 byte or sequence at line 184 replaced by U+FFFD.
Invalid UTF-8 byte or sequence at line 185 replaced by U+FFFD.
Invalid UTF-8 byte or sequence at line 185 replaced by U+FFFD.
Invalid UTF-8 byte or sequence at line 185 replaced by U+FFFD.
Invalid UTF-8 byte or sequence at line 189 replaced by U+FFFD.
Invalid UTF-8 byte or sequence at line 189 replaced by U+FFFD.
Invalid UTF-8 byte or sequence at line 190 replaced by U+FFFD.
Invalid UTF-8 byte or sequence at line 190 replaced by U+FFFD.
Invalid UTF-8 byte or sequence at line 193 replaced by U+FFFD.
Invalid UTF-8 byte or sequence at line 208 replaced by U+FFFD.
Invalid UTF-8 byte or sequence at line 208 replaced by U+FFFD.
Invalid UTF-8 byte or sequence at line 208 replaced by U+FFFD.
Invalid UTF-8 byte or sequence at line 208 replaced by U+FFFD.
Invalid UTF-8 byte or sequence at line 208 replaced by U+FFFD.
Invalid UTF-8 byte or sequence at line 208 replaced by U+FFFD.
Invalid UTF-8 byte or sequence at line 221 replaced by U+FFFD.
Invalid UTF-8 byte or sequence at line 221 replaced by U+FFFD.
Invalid UTF-8 byte or sequence at line 241 replaced by U+FFFD.
Invalid UTF-8 byte or sequence at line 241 replaced by U+FFFD.
Invalid UTF-8 byte or sequence at line 241 replaced by U+FFFD.
Invalid UTF-8 byte or sequence at line 241 replaced by U+FFFD.
Invalid UTF-8 byte or sequence at line 266 replaced by U+FFFD.
Invalid UTF-8 byte or sequence at line 284 replaced by U+FFFD.
Invalid UTF-8 byte or sequence at line 295 replaced by U+FFFD.
Invalid UTF-8 byte or sequence at line 300 replaced by U+FFFD.
Invalid UTF-8 byte or sequence at line 300 replaced by U+FFFD.
Invalid UTF-8 byte or sequence at line 301 replaced by U+FFFD.
Invalid UTF-8 byte or sequence at line 301 replaced by U+FFFD.
Invalid UTF-8 byte or sequence at line 301 replaced by U+FFFD.
Invalid UTF-8 byte or sequence at line 302 replaced by U+FFFD.
Invalid UTF-8 byte or sequence at line 303 replaced by U+FFFD.
Invalid UTF-8 byte or sequence at line 332 replaced by U+FFFD.
Invalid UTF-8 byte or sequence at line 332 replaced by U+FFFD.
Invalid UTF-8 byte or sequence at line 332 replaced by U+FFFD.
Invalid UTF-8 byte or sequence at line 332 replaced by U+FFFD.
Invalid UTF-8 byte or sequence at line 333 replaced by U+FFFD.
Invalid UTF-8 byte or sequence at line 334 replaced by U+FFFD.
Invalid UTF-8 byte or sequence at line 334 replaced by U+FFFD.
Invalid UTF-8 byte or sequence at line 334 replaced by U+FFFD.
Invalid UTF-8 byte or sequence at line 406 replaced by U+FFFD.
Invalid UTF-8 byte or sequence at line 406 replaced by U+FFFD.
Invalid UTF-8 byte or sequence at line 409 replaced by U+FFFD.
Invalid UTF-8 byte or sequence at line 410 replaced by U+FFFD.
Invalid UTF-8 byte or sequence at line 428 replaced by U+FFFD.
Invalid UTF-8 byte or sequence at line 434 replaced by U+FFFD.
Invalid UTF-8 byte or sequence at line 457 replaced by U+FFFD.
Invalid UTF-8 byte or sequence at line 457 replaced by U+FFFD.
Invalid UTF-8 byte or sequence at line 464 replaced by U+FFFD.
Invalid UTF-8 byte or sequence at line 464 replaced by U+FFFD.
Invalid UTF-8 byte or sequence at line 466 replaced by U+FFFD.
Invalid UTF-8 byte or sequence at line 466 replaced by U+FFFD.
Invalid UTF-8 byte or sequence at line 541 replaced by U+FFFD.
Invalid UTF-8 byte or sequence at line 541 replaced by U+FFFD.
Invalid UTF-8 byte or sequence at line 541 replaced by U+FFFD.
Invalid UTF-8 byte or sequence at line 586 replaced by U+FFFD.
Invalid UTF-8 byte or sequence at line 586 replaced by U+FFFD.
Invalid UTF-8 byte or sequence at line 588 replaced by U+FFFD.
Invalid UTF-8 byte or sequence at line 588 replaced by U+FFFD.
Invalid UTF-8 byte or sequence at line 595 replaced by U+FFFD.
Invalid UTF-8 byte or sequence at line 597 replaced by U+FFFD.
Invalid UTF-8 byte or sequence at line 599 replaced by U+FFFD.
Invalid UTF-8 byte or sequence at line 602 replaced by U+FFFD.
Invalid UTF-8 byte or sequence at line 605 replaced by U+FFFD.
Invalid UTF-8 byte or sequence at line 605 replaced by U+FFFD.
Invalid UTF-8 byte or sequence at line 610 replaced by U+FFFD.
Invalid UTF-8 byte or sequence at line 615 replaced by U+FFFD.
Invalid UTF-8 byte or sequence at line 632 replaced by U+FFFD.
Invalid UTF-8 byte or sequence at line 632 replaced by U+FFFD.
Invalid UTF-8 byte or sequence at line 633 replaced by U+FFFD.
Invalid UTF-8 byte or sequence at line 635 replaced by U+FFFD.
Invalid UTF-8 byte or sequence at line 637 replaced by U+FFFD.
Invalid UTF-8 byte or sequence at line 647 replaced by U+FFFD.
Invalid UTF-8 byte or sequence at line 653 replaced by U+FFFD.
Invalid UTF-8 byte or sequence at line 678 replaced by U+FFFD.
Invalid UTF-8 byte or sequence at line 700 replaced by U+FFFD.
Invalid UTF-8 byte or sequence at line 705 replaced by U+FFFD.
Invalid UTF-8 byte or sequence at line 715 replaced by U+FFFD.
Invalid UTF-8 byte or sequence at line 715 replaced by U+FFFD.
Invalid UTF-8 byte or sequence at line 715 replaced by U+FFFD.
Invalid UTF-8 byte or sequence at line 719 replaced by U+FFFD.
Invalid UTF-8 byte or sequence at line 732 replaced by U+FFFD.
Invalid UTF-8 byte or sequence at line 732 replaced by U+FFFD.
Invalid UTF-8 byte or sequence at line 741 replaced by U+FFFD.
Invalid UTF-8 byte or sequence at line 741 replaced by U+FFFD.
Invalid UTF-8 byte or sequence at line 742 replaced by U+FFFD.
Invalid UTF-8 byte or sequence at line 742 replaced by U+FFFD.
Invalid UTF-8 byte or sequence at line 762 replaced by U+FFFD.
Invalid UTF-8 byte or sequence at line 773 replaced by U+FFFD.
Invalid UTF-8 byte or sequence at line 773 replaced by U+FFFD.
Invalid UTF-8 byte or sequence at line 774 replaced by U+FFFD.
Invalid UTF-8 byte or sequence at line 774 replaced by U+FFFD.
Invalid UTF-8 byte or sequence at line 774 replaced by U+FFFD.
Invalid UTF-8 byte or sequence at line 797 replaced by U+FFFD.
Invalid UTF-8 byte or sequence at line 797 replaced by U+FFFD.
Invalid UTF-8 byte or sequence at line 810 replaced by U+FFFD.
Invalid UTF-8 byte or sequence at line 824 replaced by U+FFFD.
Invalid UTF-8 byte or sequence at line 824 replaced by U+FFFD.
Invalid UTF-8 byte or sequence at line 831 replaced by U+FFFD.
Invalid UTF-8 byte or sequence at line 838 replaced by U+FFFD.
Invalid UTF-8 byte or sequence at line 838 replaced by U+FFFD.
Invalid UTF-8 byte or sequence at line 846 replaced by U+FFFD.
Invalid UTF-8 byte or sequence at line 846 replaced by U+FFFD.
Invalid UTF-8 byte or sequence at line 861 replaced by U+FFFD.
Invalid UTF-8 byte or sequence at line 862 replaced by U+FFFD.
Invalid UTF-8 byte or sequence at line 864 replaced by U+FFFD.
Invalid UTF-8 byte or sequence at line 864 replaced by U+FFFD.
Invalid UTF-8 byte or sequence at line 908 replaced by U+FFFD.
Invalid UTF-8 byte or sequence at line 909 replaced by U+FFFD.
Invalid UTF-8 byte or sequence at line 909 replaced by U+FFFD.
Invalid UTF-8 byte or sequence at line 934 replaced by U+FFFD.
Invalid UTF-8 byte or sequence at line 934 replaced by U+FFFD.
Invalid UTF-8 byte or sequence at line 936 replaced by U+FFFD.
Invalid UTF-8 byte or sequence at line 936 replaced by U+FFFD.
Invalid UTF-8 byte or sequence at line 940 replaced by U+FFFD.
Invalid UTF-8 byte or sequence at line 940 replaced by U+FFFD.
Invalid UTF-8 byte or sequence at line 962 replaced by U+FFFD.
Invalid UTF-8 byte or sequence at line 962 replaced by U+FFFD.
Invalid UTF-8 byte or sequence at line 964 replaced by U+FFFD.
Invalid UTF-8 byte or sequence at line 965 replaced by U+FFFD.
Invalid UTF-8 byte or sequence at line 1006 replaced by U+FFFD.
)
Package: xstring 2019/02/06 v1.83 String manipulations (CT)
)
\footbibmargin=\skip102
\footbiblabelsep=\skip103
\c@gbnamefmtcase=\count430
\c@gbalignlabel=\count431
\c@gbcitelocalcase=\count432
\c@gbbiblocalcase=\count433
\c@lanordernum=\count434
\bibitemindent=\skip104
\biblabelextend=\skip105
Package biblatex Info: Delimiter 'finalnamedelim' in context '' already defined
, overwriting.
)
Package biblatex Info: Trying to load citation style 'gb7714-2015'...
Package biblatex Info: ... file 'gb7714-2015.cbx' found.

(/usr/local/texlive/2020/texmf-dist/tex/latex/biblatex-gb7714-2015/gb7714-2015.
cbx
File: gb7714-2015.cbx 2020/03/20 v1.0ubiblatex citation style
Package biblatex Info: Trying to load citation style 'numeric-comp'...
Package biblatex Info: ... file 'numeric-comp.cbx' found.
 (/usr/local/texlive/2020/texmf-dist/tex/latex/biblatex/cbx/numeric-comp.cbx
File: numeric-comp.cbx 2019/12/01 v3.14 biblatex citation style (PK/MW)
\c@cbx@tempcnta=\count435
\c@cbx@tempcntb=\count436
Package biblatex Info: Redefining '\cite'.
Package biblatex Info: Redefining '\parencite'.
Package biblatex Info: Redefining '\footcite'.
Package biblatex Info: Redefining '\footcitetext'.
Package biblatex Info: Redefining '\smartcite'.
Package biblatex Info: Redefining '\supercite'.
Package biblatex Info: Redefining '\textcite'.
Package biblatex Info: Redefining '\textcites'.
Package biblatex Info: Redefining '\cites'.
Package biblatex Info: Redefining '\parencites'.
Package biblatex Info: Redefining '\smartcites'.
)
Package biblatex Info: Redefining '\cite'.
Package biblatex Info: Redefining '\parencite'.
)
Package biblatex Info: Trying to load configuration file...
Package biblatex Info: ... file 'biblatex.cfg' found.
 (/usr/local/texlive/2020/texmf-dist/tex/latex/biblatex/biblatex.cfg
File: biblatex.cfg 
))
\@quotelevel=\count437
\@quotereset=\count438

(./main.aux (./abstract-zh.aux) (./abstract-en.aux) (./chapter1.aux)
(./chapter2.aux

LaTeX Warning: Label `desc' multiply defined.

) (./chapter3.aux

LaTeX Warning: Label `fig2.1' multiply defined.


LaTeX Warning: Label `svn-demo2' multiply defined.


LaTeX Warning: Label `sub@svn-demo2' multiply defined.


LaTeX Warning: Label `svn-demo3' multiply defined.


LaTeX Warning: Label `sub@svn-demo3' multiply defined.


LaTeX Warning: Label `svn-demo1' multiply defined.


LaTeX Warning: Label `sub@svn-demo1' multiply defined.


LaTeX Warning: Label `svn-demo2' multiply defined.


LaTeX Warning: Label `sub@svn-demo2' multiply defined.


LaTeX Warning: Label `svn-demo3' multiply defined.


LaTeX Warning: Label `sub@svn-demo3' multiply defined.

) (./chapter4.aux) (./chapter5.aux) (./appendix.aux) (./backnote.aux))
\openout1 = `main.aux'.

LaTeX Font Info:    Checking defaults for OML/cmm/m/it on input line 62.
LaTeX Font Info:    ... okay on input line 62.
LaTeX Font Info:    Checking defaults for OMS/cmsy/m/n on input line 62.
LaTeX Font Info:    ... okay on input line 62.
LaTeX Font Info:    Checking defaults for OT1/cmr/m/n on input line 62.
LaTeX Font Info:    ... okay on input line 62.
LaTeX Font Info:    Checking defaults for T1/cmr/m/n on input line 62.
LaTeX Font Info:    ... okay on input line 62.
LaTeX Font Info:    Checking defaults for TS1/cmr/m/n on input line 62.
LaTeX Font Info:    ... okay on input line 62.
LaTeX Font Info:    Checking defaults for TU/lmr/m/n on input line 62.
LaTeX Font Info:    ... okay on input line 62.
LaTeX Font Info:    Checking defaults for OMX/cmex/m/n on input line 62.
LaTeX Font Info:    ... okay on input line 62.
LaTeX Font Info:    Checking defaults for U/cmr/m/n on input line 62.
LaTeX Font Info:    ... okay on input line 62.

ABD: EverySelectfont initializing macros
LaTeX Info: Redefining \selectfont on input line 62.

Package fontspec Info: Adjusting the maths setup (use [no-math] to avoid
(fontspec)             this).

\symlegacymaths=\mathgroup9
LaTeX Font Info:    Overwriting symbol font `legacymaths' in version `bold'
(Font)                  OT1/cmr/m/n --> OT1/cmr/bx/n on input line 62.
LaTeX Font Info:    Redeclaring math accent \acute on input line 62.
LaTeX Font Info:    Redeclaring math accent \grave on input line 62.
LaTeX Font Info:    Redeclaring math accent \ddot on input line 62.
LaTeX Font Info:    Redeclaring math accent \tilde on input line 62.
LaTeX Font Info:    Redeclaring math accent \bar on input line 62.
LaTeX Font Info:    Redeclaring math accent \breve on input line 62.
LaTeX Font Info:    Redeclaring math accent \check on input line 62.
LaTeX Font Info:    Redeclaring math accent \hat on input line 62.
LaTeX Font Info:    Redeclaring math accent \dot on input line 62.
LaTeX Font Info:    Redeclaring math accent \mathring on input line 62.
LaTeX Font Info:    Redeclaring math symbol \Gamma on input line 62.
LaTeX Font Info:    Redeclaring math symbol \Delta on input line 62.
LaTeX Font Info:    Redeclaring math symbol \Theta on input line 62.
LaTeX Font Info:    Redeclaring math symbol \Lambda on input line 62.
LaTeX Font Info:    Redeclaring math symbol \Xi on input line 62.
LaTeX Font Info:    Redeclaring math symbol \Pi on input line 62.
LaTeX Font Info:    Redeclaring math symbol \Sigma on input line 62.
LaTeX Font Info:    Redeclaring math symbol \Upsilon on input line 62.
LaTeX Font Info:    Redeclaring math symbol \Phi on input line 62.
LaTeX Font Info:    Redeclaring math symbol \Psi on input line 62.
LaTeX Font Info:    Redeclaring math symbol \Omega on input line 62.
LaTeX Font Info:    Redeclaring math symbol \mathdollar on input line 62.
LaTeX Font Info:    Redeclaring symbol font `operators' on input line 62.
LaTeX Font Info:    Encoding `OT1' has changed to `TU' for symbol font
(Font)              `operators' in the math version `normal' on input line 62.
LaTeX Font Info:    Overwriting symbol font `operators' in version `normal'
(Font)                  OT1/cmr/m/n --> TU/TimesNewRoman(0)/m/n on input line 6
2.
LaTeX Font Info:    Encoding `OT1' has changed to `TU' for symbol font
(Font)              `operators' in the math version `bold' on input line 62.
LaTeX Font Info:    Overwriting symbol font `operators' in version `bold'
(Font)                  OT1/cmr/bx/n --> TU/TimesNewRoman(0)/m/n on input line 
62.
LaTeX Font Info:    Overwriting symbol font `operators' in version `normal'
(Font)                  TU/TimesNewRoman(0)/m/n --> TU/TimesNewRoman(0)/m/n on 
input line 62.
LaTeX Font Info:    Overwriting math alphabet `\mathit' in version `normal'
(Font)                  OT1/cmr/m/it --> TU/TimesNewRoman(0)/m/it on input line
 62.
LaTeX Font Info:    Overwriting math alphabet `\mathbf' in version `normal'
(Font)                  OT1/cmr/bx/n --> TU/TimesNewRoman(0)/b/n on input line 
62.
LaTeX Font Info:    Overwriting math alphabet `\mathsf' in version `normal'
(Font)                  OT1/cmss/m/n --> TU/lmss/m/n on input line 62.
LaTeX Font Info:    Overwriting math alphabet `\mathtt' in version `normal'
(Font)                  OT1/cmtt/m/n --> TU/lmtt/m/n on input line 62.
LaTeX Font Info:    Overwriting symbol font `operators' in version `bold'
(Font)                  TU/TimesNewRoman(0)/m/n --> TU/TimesNewRoman(0)/b/n on 
input line 62.
LaTeX Font Info:    Overwriting math alphabet `\mathit' in version `bold'
(Font)                  OT1/cmr/bx/it --> TU/TimesNewRoman(0)/b/it on input lin
e 62.
LaTeX Font Info:    Overwriting math alphabet `\mathsf' in version `bold'
(Font)                  OT1/cmss/bx/n --> TU/lmss/b/n on input line 62.
LaTeX Font Info:    Overwriting math alphabet `\mathtt' in version `bold'
(Font)                  OT1/cmtt/m/n --> TU/lmtt/b/n on input line 62.

*geometry* driver: auto-detecting
*geometry* detected driver: xetex
*geometry* verbose mode - [ preamble ] result:
* driver: xetex
* paper: a4paper
* layout: <same size as paper>
* layoutoffset:(h,v)=(0.0pt,0.0pt)
* modes: 
* h-part:(L,W,R)=(90.47955pt, 416.54877pt, 90.47955pt)
* v-part:(T,H,B)=(72.2698pt, 700.50723pt, 72.2698pt)
* \paperwidth=597.50787pt
* \paperheight=845.04684pt
* \textwidth=416.54877pt
* \textheight=686.28087pt
* \oddsidemargin=18.20956pt
* \evensidemargin=18.20956pt
* \topmargin=-37.00018pt
* \headheight=12.0pt
* \headsep=25.0pt
* \topskip=12.0pt
* \footskip=30.0pt
* \marginparwidth=44.0pt
* \marginparsep=10.0pt
* \columnsep=10.0pt
* \skip\footins=10.8pt plus 4.0pt minus 2.0pt
* \hoffset=11.38092pt
* \voffset=14.22636pt
* \mag=1000
* \@twocolumnfalse
* \@twosidefalse
* \@mparswitchfalse
* \@reversemarginfalse
* (1in=72.27pt=25.4mm, 1cm=28.453pt)

Package caption Info: Begin \AtBeginDocument code.
Package caption Info: float package is loaded.
Package caption Info: End \AtBeginDocument code.
\AtBeginShipoutBox=\box62
(/usr/local/texlive/2020/texmf-dist/tex/latex/pdflscape/pdflscape.sty
Package: pdflscape 2019/12/05 v0.12 Display of landscape pages in PDF (HO)

(/usr/local/texlive/2020/texmf-dist/tex/latex/graphics/lscape.sty
Package: lscape 2000/10/22 v3.01 Landscape Pages (DPC)
)
Package pdflscape Info: Auto-detected driver: dvipdfm (xetex) on input line 98.

)
Package biblatex Info: Trying to load language 'english'...
Package biblatex Info: ... file 'english.lbx' found.

(/usr/local/texlive/2020/texmf-dist/tex/latex/biblatex/lbx/english.lbx
File: english.lbx 2019/12/01 v3.14 biblatex localization (PK/MW)
)
Package biblatex Info: XeTeX detected.
(biblatex)             Assuming input encoding 'utf8'.
Package biblatex Info: Automatic encoding selection.
(biblatex)             Assuming data encoding 'utf8'.
\openout3 = `main.bcf'.

Package biblatex Info: Trying to load bibliographic data...
Package biblatex Info: ... file 'main.bbl' found.

(./main.bbl)
Package biblatex Info: Reference section=0 on input line 62.
Package biblatex Info: Reference segment=0 on input line 62.
File: cover-zh.pdf Graphic file (type pdf)
<use cover-zh.pdf>
File: cover-zh.pdf Graphic file (type pdf)
<use cover-zh.pdf>
File: cover-zh.pdf Graphic file (type pdf)
<use cover-zh.pdf, page 1>
File: cover-zh.pdf Graphic file (type pdf)
<use cover-zh.pdf, page 1>
File: cover-zh.pdf Graphic file (type pdf)
<use cover-zh.pdf, page 1>
File: cover-zh.pdf Graphic file (type pdf)
<use cover-zh.pdf, page 1>
File: cover-zh.pdf Graphic file (type pdf)
<use cover-zh.pdf, page 1>
 [1

]
File: cover-en.pdf Graphic file (type pdf)
<use cover-en.pdf>
File: cover-en.pdf Graphic file (type pdf)
<use cover-en.pdf>
File: cover-en.pdf Graphic file (type pdf)
<use cover-en.pdf, page 1>
File: cover-en.pdf Graphic file (type pdf)
<use cover-en.pdf, page 1>
File: cover-en.pdf Graphic file (type pdf)
<use cover-en.pdf, page 1>
File: cover-en.pdf Graphic file (type pdf)
<use cover-en.pdf, page 1>
File: cover-en.pdf Graphic file (type pdf)
<use cover-en.pdf, page 1>
 [2]
File: declaration.pdf Graphic file (type pdf)
<use declaration.pdf>
File: declaration.pdf Graphic file (type pdf)
<use declaration.pdf>
File: declaration.pdf Graphic file (type pdf)
<use declaration.pdf, page 1>
File: declaration.pdf Graphic file (type pdf)
<use declaration.pdf, page 1>
File: declaration.pdf Graphic file (type pdf)
<use declaration.pdf, page 1>
File: declaration.pdf Graphic file (type pdf)
<use declaration.pdf, page 1>
File: declaration.pdf Graphic file (type pdf)
<use declaration.pdf, page 1>
 [1]
\openout2 = `abstract-zh.aux'.

 (./abstract-zh.tex

Package fontspec Warning: Font "FandolHei-Regular" does not contain requested
(fontspec)                Script "CJK".


Package fontspec Info: Font family 'FandolHei-Regular(0)' created for font
(fontspec)             'FandolHei-Regular' with options
(fontspec)             [Script={CJK},Extension={.otf},BoldFont={FandolHei-Bold}
].
(fontspec)              
(fontspec)              This font family consists of the following NFSS
(fontspec)             series/shapes:
(fontspec)              
(fontspec)             - 'normal' (m/n) with NFSS spec.:
(fontspec)             <->"[FandolHei-Regular.otf]/OT:language=dflt;"
(fontspec)             - 'small caps'  (m/sc) with NFSS spec.: 
(fontspec)             - 'bold' (b/n) with NFSS spec.:
(fontspec)             <->"[FandolHei-Bold.otf]/OT:language=dflt;"
(fontspec)             - 'bold small caps'  (b/sc) with NFSS spec.: 

LaTeX Font Info:    Trying to load font information for U+msa on input line 11.

(/usr/local/texlive/2020/texmf-dist/tex/latex/amsfonts/umsa.fd
File: umsa.fd 2013/01/14 v3.01 AMS symbols A
)
LaTeX Font Info:    Trying to load font information for U+msb on input line 11.


(/usr/local/texlive/2020/texmf-dist/tex/latex/amsfonts/umsb.fd
File: umsb.fd 2013/01/14 v3.01 AMS symbols B
) [2

])
\openout2 = `abstract-en.aux'.


(./abstract-en.tex [3


] [4]) (./main.toc [5

])
\tf@toc=\write4
\openout4 = `main.toc'.

 [6]
\openout2 = `chapter1.aux'.

 (./chapter1.tex

Package Fancyhdr Warning: \headheight is too small (12.0pt): 
Make it at least 12.64723pt.
We now make it that large for the rest of the document.
This may cause the page layout to be inconsistent, however.

[1

] [2] [3] [4] [5] [6]) [7]
\openout2 = `chapter2.aux'.

 (./chapter2.tex [8


] [9] [10] [11] [12] [13]
[14] [15]
File: pics/chapter2/matrix.pdf Graphic file (type pdf)
<use pics/chapter2/matrix.pdf>
File: pics/lab1/svd.pdf Graphic file (type pdf)
<use pics/lab1/svd.pdf>
File: pics/lab1/acp-l2.pdf Graphic file (type pdf)
<use pics/lab1/acp-l2.pdf>
File: pics/lab1/IRLS.pdf Graphic file (type pdf)
<use pics/lab1/IRLS.pdf>
File: pics/lab1/acp-l1.pdf Graphic file (type pdf)
<use pics/lab1/acp-l1.pdf>
 [16] [17] [18]
File: pics/chapter2/box.pdf Graphic file (type pdf)
<use pics/chapter2/box.pdf>
File: pics/chapter2/skew.pdf Graphic file (type pdf)
<use pics/chapter2/skew.pdf>
 [19] [20]
Overfull \hbox (3.74461pt too wide) in paragraph at lines 456--458
[]\TU/FandolSong-Regular(0)/m/n/12.045     $\OML/cmm/m/it/12.045 L[]$ \TU/F
andolSong-Regular(0)/m/n/12.045    $\OML/cmm/m/it/12.045 L[]$ \TU/FandolSong
-Regular(0)/m/n/12.045     $\OML/cmm/m/it/12.045 m$ \TU/FandolSong-Regular(
0)/m/n/12.045            |   []
 []

File: pics/chapter2/predict.png Graphic file (type bmp)
<pics/chapter2/predict.png>

Overfull \hbox (10.24257pt too wide) in paragraph at lines 474--475
 [][] 
 []


Underfull \hbox (badness 10000) in paragraph at lines 501--501
[]|\TU/TimesNewRoman(0)/m/n/10.53937 MSE
 []


Underfull \hbox (badness 10000) in paragraph at lines 501--501
|\TU/FandolSong-Regular(0)/m/n/10.53937 \TU/TimesNewRoman(0)/m/n/10.53937 L1
 []


Underfull \hbox (badness 10000) in paragraph at lines 501--501
[]|\TU/TimesNewRoman(0)/m/n/10.53937 MSE
 []


Underfull \hbox (badness 10000) in paragraph at lines 501--501
[]|\TU/TimesNewRoman(0)/m/n/10.53937 MAE
 []


Underfull \hbox (badness 10000) in paragraph at lines 501--501
|\TU/FandolSong-Regular(0)/m/n/10.53937 \TU/TimesNewRoman(0)/m/n/10.53937 L1
 []


Underfull \hbox (badness 10000) in paragraph at lines 501--501
[]|\TU/TimesNewRoman(0)/m/n/10.53937 MAE
 []


Underfull \hbox (badness 10000) in paragraph at lines 501--501
[]|\TU/TimesNewRoman(0)/m/n/10.53937 MPAE
 []


Underfull \hbox (badness 10000) in paragraph at lines 501--501
|\TU/FandolSong-Regular(0)/m/n/10.53937 \TU/TimesNewRoman(0)/m/n/10.53937 L1
 []


Underfull \hbox (badness 10000) in paragraph at lines 501--501
[]|\TU/TimesNewRoman(0)/m/n/10.53937 MPAE
 []

[21]
Underfull \hbox (badness 10000) in paragraph at lines 522--522
[]|\TU/TimesNewRoman(0)/m/n/10.53937 MSE
 []


Underfull \hbox (badness 10000) in paragraph at lines 522--522
|\TU/FandolSong-Regular(0)/m/n/10.53937 \TU/TimesNewRoman(0)/m/n/10.53937 L1
 []


Underfull \hbox (badness 10000) in paragraph at lines 522--522
[]|\TU/TimesNewRoman(0)/m/n/10.53937 MSE
 []


Underfull \hbox (badness 10000) in paragraph at lines 522--522
[]|\TU/TimesNewRoman(0)/m/n/10.53937 MAE
 []


Underfull \hbox (badness 10000) in paragraph at lines 522--522
|\TU/FandolSong-Regular(0)/m/n/10.53937 \TU/TimesNewRoman(0)/m/n/10.53937 L1
 []


Underfull \hbox (badness 10000) in paragraph at lines 522--522
[]|\TU/TimesNewRoman(0)/m/n/10.53937 MAE
 []


Underfull \hbox (badness 10000) in paragraph at lines 522--522
[]|\TU/TimesNewRoman(0)/m/n/10.53937 MPAE
 []


Underfull \hbox (badness 10000) in paragraph at lines 522--522
|\TU/FandolSong-Regular(0)/m/n/10.53937 \TU/TimesNewRoman(0)/m/n/10.53937 L1
 []


Underfull \hbox (badness 10000) in paragraph at lines 522--522
[]|\TU/TimesNewRoman(0)/m/n/10.53937 MPAE
 []


Underfull \hbox (badness 10000) in paragraph at lines 543--543
[]|\TU/TimesNewRoman(0)/m/n/10.53937 MSE
 []


Underfull \hbox (badness 10000) in paragraph at lines 543--543
|\TU/FandolSong-Regular(0)/m/n/10.53937 \TU/TimesNewRoman(0)/m/n/10.53937 L1
 []


Underfull \hbox (badness 10000) in paragraph at lines 543--543
[]|\TU/TimesNewRoman(0)/m/n/10.53937 MSE
 []


Underfull \hbox (badness 10000) in paragraph at lines 543--543
[]|\TU/TimesNewRoman(0)/m/n/10.53937 MAE
 []


Underfull \hbox (badness 10000) in paragraph at lines 543--543
|\TU/FandolSong-Regular(0)/m/n/10.53937 \TU/TimesNewRoman(0)/m/n/10.53937 L1
 []


Underfull \hbox (badness 10000) in paragraph at lines 543--543
[]|\TU/TimesNewRoman(0)/m/n/10.53937 MAE
 []


Underfull \hbox (badness 10000) in paragraph at lines 543--543
[]|\TU/TimesNewRoman(0)/m/n/10.53937 MPAE
 []


Underfull \hbox (badness 10000) in paragraph at lines 543--543
|\TU/FandolSong-Regular(0)/m/n/10.53937 \TU/TimesNewRoman(0)/m/n/10.53937 L1
 []


Underfull \hbox (badness 10000) in paragraph at lines 543--543
[]|\TU/TimesNewRoman(0)/m/n/10.53937 MPAE
 []

[22] [23]) [24]
\openout2 = `chapter3.aux'.

 (./chapter3.tex [25


]
File: pics/chapter2/l1-l2-diff2.pdf Graphic file (type pdf)
<use pics/chapter2/l1-l2-diff2.pdf>
File: pics/chapter2/l1-l2-diff.pdf Graphic file (type pdf)
<use pics/chapter2/l1-l2-diff.pdf>
 [26] [27] [28]
Overfull \hbox (35.41618pt too wide) in paragraph at lines 179--182
[]\TU/FandolSong-Regular(0)/m/n/12.045        |    $\OMS/cmsy/m/n/12
.045 j\OML/cmm/m/it/12.045 K[]\OMS/cmsy/m/n/12.045 j$ \TU/FandolSong-Regular(0)
/m/n/12.045       |     $\OML/cmm/m/it/12.045 C[] \OT1/cmr/m/n/12.04
5 = \OMS/cmsy/m/n/12.045 f\OML/cmm/m/it/12.045 C[]; C[]; :::; C[]\OMS/cmsy/m/n/
12.045 g$\TU/FandolSong-Regular(0)/m/n/12.045 |
 []

[29]
File: pics/chapter2/aid-demo-a.pdf Graphic file (type pdf)
<use pics/chapter2/aid-demo-a.pdf>

Overfull \hbox (14.45242pt too wide) in paragraph at lines 212--213
[][] 
 []

File: pics/chapter2/aid-demo-b.pdf Graphic file (type pdf)
<use pics/chapter2/aid-demo-b.pdf>

Overfull \hbox (14.45242pt too wide) in paragraph at lines 216--217
[][] 
 []

File: pics/chapter2/aid-demo-c.pdf Graphic file (type pdf)
<use pics/chapter2/aid-demo-c.pdf>

Overfull \hbox (14.45242pt too wide) in paragraph at lines 220--221
[][] 
 []

[30] [31] [32] [33] [34] [35]
File: pics/chapter2/gaussian-svn.pdf Graphic file (type pdf)
<use pics/chapter2/gaussian-svn.pdf>

Overfull \hbox (14.45242pt too wide) in paragraph at lines 518--519
[][] 
 []

File: pics/chapter2/exp-svn.pdf Graphic file (type pdf)
<use pics/chapter2/exp-svn.pdf>

Overfull \hbox (14.45242pt too wide) in paragraph at lines 522--523
[][] 
 []

File: pics/chapter2/cauchy-svn.pdf Graphic file (type pdf)
<use pics/chapter2/cauchy-svn.pdf>

Overfull \hbox (14.45242pt too wide) in paragraph at lines 526--527
[][] 
 []

[36]
File: pics/chapter2/l2-svn-demo.pdf Graphic file (type pdf)
<use pics/chapter2/l2-svn-demo.pdf>

Overfull \hbox (14.45242pt too wide) in paragraph at lines 539--540
[][] 
 []

File: pics/chapter2/l1-svn-demo.pdf Graphic file (type pdf)
<use pics/chapter2/l1-svn-demo.pdf>

Overfull \hbox (14.45242pt too wide) in paragraph at lines 543--544
[][] 
 []

File: pics/chapter2/svn-con-1.pdf Graphic file (type pdf)
<use pics/chapter2/svn-con-1.pdf>

Overfull \hbox (14.45242pt too wide) in paragraph at lines 564--565
[][] 
 []

File: pics/chapter2/svn-con-2.pdf Graphic file (type pdf)
<use pics/chapter2/svn-con-2.pdf>

Overfull \hbox (14.45242pt too wide) in paragraph at lines 568--569
[][] 
 []

File: pics/chapter2/svn-con-3.pdf Graphic file (type pdf)
<use pics/chapter2/svn-con-3.pdf>

Overfull \hbox (14.45242pt too wide) in paragraph at lines 572--573
[][] 
 []

[37] [38]) [39]
\openout2 = `chapter4.aux'.

 (./chapter4.tex [40


] [41] [42] [43] [44]
File: pics/lab1/l1-pca.pdf Graphic file (type pdf)
<use pics/lab1/l1-pca.pdf>

Overfull \hbox (14.45242pt too wide) in paragraph at lines 241--242
[][] 
 []

File: pics/lab1/pca-l1.pdf Graphic file (type pdf)
<use pics/lab1/pca-l1.pdf>

Overfull \hbox (14.45242pt too wide) in paragraph at lines 244--245
[][] 
 []

File: pics/lab1/svd.pdf Graphic file (type pdf)
<use pics/lab1/svd.pdf>

Overfull \hbox (14.45242pt too wide) in paragraph at lines 247--248
[][] 
 []

File: pics/lab1/l1-pca-rotated.pdf Graphic file (type pdf)
<use pics/lab1/l1-pca-rotated.pdf>

Overfull \hbox (31.52226pt too wide) in paragraph at lines 262--263
[][] 
 []

File: pics/lab1/pca-l1-rotated.pdf Graphic file (type pdf)
<use pics/lab1/pca-l1-rotated.pdf>

Overfull \hbox (31.52226pt too wide) in paragraph at lines 265--266
[][] 
 []

File: pics/lab1/l2-pca-rotated.pdf Graphic file (type pdf)
<use pics/lab1/l2-pca-rotated.pdf>

Overfull \hbox (31.52226pt too wide) in paragraph at lines 268--269
[][] 
 []

[45]
Underfull \hbox (badness 10000) in paragraph at lines 302--302
[]|\TU/TimesNewRoman(0)/m/n/10.53937 MSE
 []


Underfull \hbox (badness 10000) in paragraph at lines 302--302
|\TU/FandolSong-Regular(0)/m/n/10.53937 \TU/TimesNewRoman(0)/m/n/10.53937 L1
 []


Underfull \hbox (badness 10000) in paragraph at lines 302--302
[]|\TU/TimesNewRoman(0)/m/n/10.53937 MSE
 []


Underfull \hbox (badness 10000) in paragraph at lines 302--302
|\TU/FandolSong-Regular(0)/m/n/10.53937 \TU/TimesNewRoman(0)/m/n/10.53937 PCA
 []


Overfull \hbox (2.53464pt too wide) in paragraph at lines 302--302
[]|\TU/TimesNewRoman(0)/m/n/10.53937 MAE(L1
 []


Underfull \hbox (badness 10000) in paragraph at lines 302--302
[]|\TU/TimesNewRoman(0)/m/n/10.53937 MAE
 []


Underfull \hbox (badness 10000) in paragraph at lines 302--302
|\TU/FandolSong-Regular(0)/m/n/10.53937 \TU/TimesNewRoman(0)/m/n/10.53937 PCA
 []


Overfull \hbox (7.42865pt too wide) in paragraph at lines 302--302
[]|\TU/TimesNewRoman(0)/m/n/10.53937 MPAE(L1
 []


Underfull \hbox (badness 10000) in paragraph at lines 302--302
[]|\TU/TimesNewRoman(0)/m/n/10.53937 MPAE
 []


Underfull \hbox (badness 10000) in paragraph at lines 302--302
|\TU/FandolSong-Regular(0)/m/n/10.53937 \TU/TimesNewRoman(0)/m/n/10.53937 PCA
 []


Underfull \hbox (badness 10000) in paragraph at lines 323--323
[]|\TU/TimesNewRoman(0)/m/n/10.53937 MSE
 []


Underfull \hbox (badness 10000) in paragraph at lines 323--323
|\TU/FandolSong-Regular(0)/m/n/10.53937 \TU/TimesNewRoman(0)/m/n/10.53937 L1
 []


Underfull \hbox (badness 10000) in paragraph at lines 323--323
[]|\TU/TimesNewRoman(0)/m/n/10.53937 MSE
 []


Underfull \hbox (badness 10000) in paragraph at lines 323--323
|\TU/FandolSong-Regular(0)/m/n/10.53937 \TU/TimesNewRoman(0)/m/n/10.53937 PCA
 []


Overfull \hbox (2.53464pt too wide) in paragraph at lines 323--323
[]|\TU/TimesNewRoman(0)/m/n/10.53937 MAE(L1
 []


Underfull \hbox (badness 10000) in paragraph at lines 323--323
[]|\TU/TimesNewRoman(0)/m/n/10.53937 MAE
 []


Underfull \hbox (badness 10000) in paragraph at lines 323--323
|\TU/FandolSong-Regular(0)/m/n/10.53937 \TU/TimesNewRoman(0)/m/n/10.53937 PCA
 []


Overfull \hbox (7.42865pt too wide) in paragraph at lines 323--323
[]|\TU/TimesNewRoman(0)/m/n/10.53937 MPAE(L1
 []


Underfull \hbox (badness 10000) in paragraph at lines 323--323
[]|\TU/TimesNewRoman(0)/m/n/10.53937 MPAE
 []


Underfull \hbox (badness 10000) in paragraph at lines 323--323
|\TU/FandolSong-Regular(0)/m/n/10.53937 \TU/TimesNewRoman(0)/m/n/10.53937 PCA
 []


Underfull \hbox (badness 10000) in paragraph at lines 344--344
[]|\TU/TimesNewRoman(0)/m/n/10.53937 MSE
 []


Underfull \hbox (badness 10000) in paragraph at lines 344--344
|\TU/FandolSong-Regular(0)/m/n/10.53937 \TU/TimesNewRoman(0)/m/n/10.53937 L1
 []


Underfull \hbox (badness 10000) in paragraph at lines 344--344
[]|\TU/TimesNewRoman(0)/m/n/10.53937 MSE
 []


Underfull \hbox (badness 10000) in paragraph at lines 344--344
|\TU/FandolSong-Regular(0)/m/n/10.53937 \TU/TimesNewRoman(0)/m/n/10.53937 PCA
 []


Overfull \hbox (2.53464pt too wide) in paragraph at lines 344--344
[]|\TU/TimesNewRoman(0)/m/n/10.53937 MAE(L1
 []


Underfull \hbox (badness 10000) in paragraph at lines 344--344
[]|\TU/TimesNewRoman(0)/m/n/10.53937 MAE
 []


Underfull \hbox (badness 10000) in paragraph at lines 344--344
|\TU/FandolSong-Regular(0)/m/n/10.53937 \TU/TimesNewRoman(0)/m/n/10.53937 PCA
 []


Overfull \hbox (7.42865pt too wide) in paragraph at lines 344--344
[]|\TU/TimesNewRoman(0)/m/n/10.53937 MPAE(L1
 []


Underfull \hbox (badness 10000) in paragraph at lines 344--344
[]|\TU/TimesNewRoman(0)/m/n/10.53937 MPAE
 []


Underfull \hbox (badness 10000) in paragraph at lines 344--344
|\TU/FandolSong-Regular(0)/m/n/10.53937 \TU/TimesNewRoman(0)/m/n/10.53937 PCA
 []

[46]) [47]
\openout2 = `chapter5.aux'.

 (./chapter5.tex) [48


]

Package fontspec Warning: Font "FandolFang-Regular" does not contain requested
(fontspec)                Script "CJK".


Package fontspec Info: Font family 'FandolFang-Regular(0)' created for font
(fontspec)             'FandolFang-Regular' with options
(fontspec)             [Script={CJK},Extension={.otf}].
(fontspec)              
(fontspec)              This font family consists of the following NFSS
(fontspec)             series/shapes:
(fontspec)              
(fontspec)             - 'normal' (m/n) with NFSS spec.:
(fontspec)             <->"[FandolFang-Regular.otf]/OT:language=dflt;"
(fontspec)             - 'small caps'  (m/sc) with NFSS spec.: 


Overfull \hbox (2.23253pt too wide) in paragraph at lines 91--91
[]\TU/TimesNewRoman(0)/m/n/12.045 Choulakian V. L1-norm projection pursuit prin
cipal component analysis[J]. Com-
 []

[49

]
Overfull \hbox (8.22609pt too wide) in paragraph at lines 91--91
[]\TU/TimesNewRoman(0)/m/n/12.045 Hofmarcher P, Gr B, et al. Macroeconomic Fore
casting in the Era of Big Data[G]\TU/lmtt/m/n/12.045 //
 []


Overfull \hbox (2.84679pt too wide) in paragraph at lines 91--91
\TU/TimesNewRoman(0)/m/n/12.045 ciety Conference on Computer Vision and Pattern
 Recognition (CVPR05): vol. 1.
 []


Overfull \hbox (0.20523pt too wide) in paragraph at lines 91--91
[]\TU/TimesNewRoman(0)/m/n/12.045 Kwak N. Principal component analysis based on
 L1-norm maximization[J]. IEEE
 []

[50]
Overfull \hbox (4.61606pt too wide) in paragraph at lines 91--91
\TU/TimesNewRoman(0)/m/n/12.045 gression[J]. EURASIP Journal on Advances in Sig
nal Processing, 2004, 2004(12):
 []


Overfull \hbox (7.96257pt too wide) in paragraph at lines 91--91
[]\TU/TimesNewRoman(0)/m/n/12.045 Markopoulos P P, Karystinos G N, Pados D A. O
ptimal algorithms for L1-subspace
 []


Overfull \hbox (5.49849pt too wide) in paragraph at lines 91--91
\TU/TimesNewRoman(0)/m/n/12.045 signal processing[J]. IEEE Transactions on Sign
al Processing, 2014, 62(19): 5046-
 []


Overfull \hbox (11.59174pt too wide) in paragraph at lines 91--91
[]\TU/TimesNewRoman(0)/m/n/12.045 Pollard D. Asymptotics for least absolute dev
iation regression estimators[J]. Econo-
 []

[51] [52]
Overfull \hbox (1.97025pt too wide) in paragraph at lines 91--91
[]\TU/FandolSong-Regular(0)/m/n/12.045   \TU/TimesNewRoman(0)/m/n/12.045 , \
TU/FandolSong-Regular(0)/m/n/12.045   \TU/TimesNewRoman(0)/m/n/12.045 . \TU/
FandolSong-Regular(0)/m/n/12.045              \TU/TimesNewRoman(0
)/m/n/12.045 [J]. \TU/FandolSong-Regular(0)/m/n/12.045    \TU/TimesNewRoman
(0)/m/n/12.045 , 2015, 32(12):
 []

[53]
\openout2 = `appendix.aux'.

 (./appendix.tex) [54

]
\openout2 = `backnote.aux'.

 (./backnote.tex) [55


] (./main.aux (./abstract-zh.aux) (./abstract-en.aux) (./chapter1.aux) (./chapt
er2.aux) (./chapter3.aux)
(./chapter4.aux) (./chapter5.aux) (./appendix.aux) (./backnote.aux))

LaTeX Warning: There were multiply-defined labels.

Package logreq Info: Writing requests to 'main.run.xml'.
\openout1 = `main.run.xml'.

 ) 
Here is how much of TeX's memory you used:
 20777 strings out of 479418
 469278 string characters out of 5884585
 1262803 words of memory out of 5000000
 37869 multiletter control sequences out of 15000+600000
 553254 words of font info for 151 fonts, out of 8000000 for 9000
 1348 hyphenation exceptions out of 8191
 64i,23n,90p,1125b,4857s stack positions out of 5000i,500n,10000p,200000b,80000s

Output written on main.pdf (63 pages).
